0 info it worked if it ends with ok
1 verbose cli [ 'C:\\Program Files\\nodejs\\node.exe',
1 verbose cli   'C:\\Users\\Al\\AppData\\Roaming\\npm\\node_modules\\npm\\bin\\npm-cli.js',
1 verbose cli   'run',
1 verbose cli   'build' ]
2 info using npm@2.6.1
3 info using node@v6.2.2
4 verbose stack Error: missing script: build
4 verbose stack     at run (C:\Users\Al\AppData\Roaming\npm\node_modules\npm\lib\run-script.js:138:19)
4 verbose stack     at C:\Users\Al\AppData\Roaming\npm\node_modules\npm\lib\run-script.js:81:5
4 verbose stack     at C:\Users\Al\AppData\Roaming\npm\node_modules\npm\node_modules\read-package-json\read-json.js:51:40
4 verbose stack     at C:\Users\Al\AppData\Roaming\npm\node_modules\npm\node_modules\read-package-json\read-json.js:375:33
4 verbose stack     at checkBinReferences_ (C:\Users\Al\AppData\Roaming\npm\node_modules\npm\node_modules\read-package-json\read-json.js:340:59)
4 verbose stack     at final (C:\Users\Al\AppData\Roaming\npm\node_modules\npm\node_modules\read-package-json\read-json.js:372:17)
4 verbose stack     at then (C:\Users\Al\AppData\Roaming\npm\node_modules\npm\node_modules\read-package-json\read-json.js:126:33)
4 verbose stack     at C:\Users\Al\AppData\Roaming\npm\node_modules\npm\node_modules\read-package-json\read-json.js:266:40
4 verbose stack     at tryToString (evalmachine.<anonymous>:449:3)
4 verbose stack     at FSReqWrap.readFileAfterClose [as oncomplete] (evalmachine.<anonymous>:436:12)
5 verbose cwd D:\dynamic-signal.local
6 error Windows_NT 6.1.7601
7 error argv "C:\\Program Files\\nodejs\\node.exe" "C:\\Users\\Al\\AppData\\Roaming\\npm\\node_modules\\npm\\bin\\npm-cli.js" "run" "build"
8 error node v6.2.2
9 error npm  v2.6.1
10 error missing script: build
11 error If you need help, you may report this error at:
11 error     <http://github.com/npm/npm/issues>
12 verbose exit [ 1, true ]
