Arguments: 
  C:\Program Files\nodejs\node.exe C:\Users\Al\AppData\Roaming\npm\node_modules\yarn\bin\yarn.js install

PATH: 
  C:\Users\Al\bin;C:\Program Files\Git\mingw64\bin;C:\Program Files\Git\usr\local\bin;C:\Program Files\Git\usr\bin;C:\Program Files\Git\usr\bin;C:\Program Files\Git\mingw64\bin;C:\Program Files\Git\usr\bin;C:\Program Files (x86)\NVIDIA Corporation\PhysX\Common;C:\ProgramData\Oracle\Java\javapath;C:\Windows\system32;C:\Windows;C:\Windows\system32\wbem;C:\Windows\System32\WindowsPowerShell\v1.0;C:\Program Files (x86)\GtkSharp\2.12\bin;C:\cygwin\bin;C:\php;C:\ProgramData\ComposerSetup\bin;C:\Program Files\nodejs;C:\HashiCorp\Vagrant\bin;C:\Ruby22-x64\bin;C:\Users\Al\AppData\Roaming\Composer\vendor\bin;C:\Users\Al\AppData\Local\atom\bin;C:\Users\Al\AppData\Roaming\npm;C:\Program Files\Git\usr\bin\vendor_perl;C:\Program Files\Git\usr\bin\core_perl

Yarn version: 
  1.3.2

Node version: 
  6.2.2

Platform: 
  win32 x64

npm manifest: 
  {
    "name": "dynamic-signal",
    "version": "2.0.0",
    "description": "DS Rebrand",
    "main": "gulpfile.js",
    "scripts": {
      "test": "echo \"Error: no test specified\" && exit 1"
    },
    "author": "Alex Beuscher",
    "license": "MIT",
    "devDependencies": {
      "bootstrap-sass": "3.3.7",
      "chart.js": "2.7.1",
      "event-emitter": "0.3.4",
      "pugify": "2.1.0",
      "gulp-pug": "3.2.0",
      "pug-php-filter": "0.0.1",
      "browserify": "^10.2.4",
      "browserify-shim": "^3.8.8",
      "classlist-polyfill": "^1.2.0",
      "del": "^1.2.0",
      "dom4": "1.8.3",
      "es6-promise": "^3.0.2",
      "factor-bundle": "^2.5.0",
      "fetch-ie8": "^1.5.0",
      "flickity": "2.0.9",
      "font-awesome": "^4.7.0",
      "file-system": "^2.2.2",
      "gsap": "^1.20.2",
      "gulp": "^3.9.0",
      "gulp-autoprefixer": "^2.3.1",
      "gulp-clean": "0.3.2",
      "gulp-concat": "^2.5.2",
      "gulp-cssmin": "^0.1.7",
      "gulp-ext-replace": "0.3.0",
      "gulp-filter": "^2.0.2",
      "gulp-git": "^1.2.4",
      "gulp-remote-src": "^0.3.0",
      "gulp-rename": "^1.2.2",
      "gulp-sass": "^2.1.0",
      "gulp-sourcemaps": "^1.5.2",
      "gulp-uglify": "^1.2.0",
      "gulp-util": "^3.0.1",
      "jquery": "3.2.1",
      "lodash": "^4.17.4",
      "path": "^0.11.14",
      "run-sequence": "^1.1.2",
      "sass-lint": "^1.10.2",
      "scrollmagic": "^2.0.5",
      "stringify": "^3.1.0",
      "susy": "^3.0.0",
      "@vimeo/player": "^2.1.0",
      "vinyl-buffer": "^1.0.0",
      "vinyl-paths": "^1.0.0",
      "vinyl-source-stream": "^1.1.0",
      "watchify": "^3.2.2"
    }
  }

yarn manifest: 
  No manifest

Lockfile: 
  No lockfile

Trace: 
  Error: https://registry.yarnpkg.com/glogg/-/glogg-1.0.1.tgz: ENOSPC: no space left on device, write
      at Error (native)
